0 info it worked if it ends with ok
1 verbose cli [ 'D:\\Program Files\\nodejs\\node.exe',
1 verbose cli   'C:\\Users\\SF2160\\AppData\\Roaming\\npm\\node_modules\\cnpm\\node_modules\\npm\\bin\\npm-cli.js',
1 verbose cli   '--userconfig=C:\\Users\\SF2160\\.cnpmrc',
1 verbose cli   '--disturl=https://npm.taobao.org/mirrors/node',
1 verbose cli   '--registry=https://registry.npm.taobao.org',
1 verbose cli   'run',
1 verbose cli   'dev' ]
2 info using npm@3.10.9
3 info using node@v4.6.1
4 verbose run-script [ 'predev', 'dev', 'postdev' ]
5 info lifecycle project_init@1.0.0~predev: project_init@1.0.0
6 silly lifecycle project_init@1.0.0~predev: no script for predev, continuing
7 info lifecycle project_init@1.0.0~dev: project_init@1.0.0
8 verbose lifecycle project_init@1.0.0~dev: unsafe-perm in lifecycle true
9 verbose lifecycle project_init@1.0.0~dev: PATH: C:\Users\SF2160\AppData\Roaming\npm\node_modules\cnpm\node_modules\npm\bin\node-gyp-bin;D:\Work\test\project_init\node_modules\.bin;C:\Program Files (x86)\Common Files\NetSarang;C:\ProgramData\Oracle\Java\javapath;C:\Program Files (x86)\Intel\iCLS Client\;C:\Program Files\Intel\iCLS Client\;C:\WINDOWS\system32;C:\WINDOWS;C:\WINDOWS\System32\Wbem;C:\WINDOWS\System32\WindowsPowerShell\v1.0\;C:\Program Files (x86)\Common Files\lenovo\easyplussdk\bin;C:\Program Files (x86)\Intel\Intel(R) Management Engine Components\DAL;C:\Program Files\Intel\Intel(R) Management Engine Components\DAL;C:\Program Files (x86)\Intel\Intel(R) Management Engine Components\IPT;C:\Program Files\Intel\Intel(R) Management Engine Components\IPT;C:\Program Files\TortoiseSVN\bin;C:\Users\SF2160\AppData\Local\Programs\Python\Python35-32;C:\Users\SF2160\AppData\Local\Programs\Python\Python35-32\Scripts;D:\Program Files\nodejs\;C:\Program Files (x86)\Microsoft VS Code\bin;C:\Users\SF2160\AppData\Local\atom\bin;C:\Users\SF2160\AppData\Local\Microsoft\WindowsApps;C:\Users\SF2160\AppData\Roaming\npm
10 verbose lifecycle project_init@1.0.0~dev: CWD: D:\Work\test\project_init
11 silly lifecycle project_init@1.0.0~dev: Args: [ '/d /s /c',
11 silly lifecycle   'webpack --display-error-detail --progress --colors --watch' ]
12 silly lifecycle project_init@1.0.0~dev: Returned: code: 3221225786  signal: null
13 info lifecycle project_init@1.0.0~dev: Failed to exec dev script
14 verbose stack Error: project_init@1.0.0 dev: `webpack --display-error-detail --progress --colors --watch`
14 verbose stack Exit status 3221225786
14 verbose stack     at EventEmitter.<anonymous> (C:\Users\SF2160\AppData\Roaming\npm\node_modules\cnpm\node_modules\npm\lib\utils\lifecycle.js:255:16)
14 verbose stack     at emitTwo (events.js:87:13)
14 verbose stack     at EventEmitter.emit (events.js:172:7)
14 verbose stack     at ChildProcess.<anonymous> (C:\Users\SF2160\AppData\Roaming\npm\node_modules\cnpm\node_modules\npm\lib\utils\spawn.js:40:14)
14 verbose stack     at emitTwo (events.js:87:13)
14 verbose stack     at ChildProcess.emit (events.js:172:7)
14 verbose stack     at maybeClose (internal/child_process.js:829:16)
14 verbose stack     at Process.ChildProcess._handle.onexit (internal/child_process.js:211:5)
15 verbose pkgid project_init@1.0.0
16 verbose cwd D:\Work\test\project_init
17 error Windows_NT 10.0.14393
18 error argv "D:\\Program Files\\nodejs\\node.exe" "C:\\Users\\SF2160\\AppData\\Roaming\\npm\\node_modules\\cnpm\\node_modules\\npm\\bin\\npm-cli.js" "--userconfig=C:\\Users\\SF2160\\.cnpmrc" "--disturl=https://npm.taobao.org/mirrors/node" "--registry=https://registry.npm.taobao.org" "run" "dev"
19 error node v4.6.1
20 error npm  v3.10.9
21 error code ELIFECYCLE
22 error project_init@1.0.0 dev: `webpack --display-error-detail --progress --colors --watch`
22 error Exit status 3221225786
23 error Failed at the project_init@1.0.0 dev script 'webpack --display-error-detail --progress --colors --watch'.
23 error Make sure you have the latest version of node.js and npm installed.
23 error If you do, this is most likely a problem with the project_init package,
23 error not with npm itself.
23 error Tell the author that this fails on your system:
23 error     webpack --display-error-detail --progress --colors --watch
23 error You can get information on how to open an issue for this project with:
23 error     npm bugs project_init
23 error Or if that isn't available, you can get their info via:
23 error     npm owner ls project_init
23 error There is likely additional logging output above.
24 verbose exit [ 1, true ]
